<?xml version="1.0" encoding="UTF-8"?>
<!-- Generated by org.testng.reporters.JUnitXMLReporter -->
<testsuite ignored="4" hostname="LTIN518286" failures="1" tests="1" name="chrome-Test(failed)(failed)" time="31.302" errors="0" timestamp="2024-04-06T09:11:25 IST">
  <testcase classname="testCase.TC_001_Top5Doctors" name="top5Doc" time="20.16">
    <failure type="java.lang.IndexOutOfBoundsException" message="Index 1 out of bounds for length 0">
      <![CDATA[java.lang.IndexOutOfBoundsException: Index 1 out of bounds for length 0
at java.base/jdk.internal.util.Preconditions.outOfBounds(Preconditions.java:64)
at java.base/jdk.internal.util.Preconditions.outOfBoundsCheckIndex(Preconditions.java:70)
at java.base/jdk.internal.util.Preconditions.checkIndex(Preconditions.java:266)
at java.base/java.util.Objects.checkIndex(Objects.java:359)
at java.base/java.util.ArrayList.get(ArrayList.java:427)
at org.openqa.selenium.support.pagefactory.internal.LocatingElementListHandler.invoke(LocatingElementListHandler.java:39)
at jdk.proxy2/jdk.proxy2.$Proxy49.get(Unknown Source)
at pageObjects.top5Doctors.doctors(top5Doctors.java:22)
at testCase.TC_001_Top5Doctors.top5Doc(TC_001_Top5Doctors.java:55)
at java.base/java.util.ArrayList.forEach(ArrayList.java:1511)
at java.base/java.util.concurrent.FutureTask.run(FutureTask.java:264)
at java.base/java.util.concurrent.ThreadPoolExecutor.runWorker(ThreadPoolExecutor.java:1136)
at java.base/java.util.concurrent.ThreadPoolExecutor$Worker.run(ThreadPoolExecutor.java:635)
at java.base/java.lang.Thread.run(Thread.java:833)
... Removed 21 stack frames]]>
    </failure>
  </testcase> <!-- top5Doc -->
  <testcase classname="testCase.TC_001_Top5Doctors" name="filter" time="0.0">
    <ignored/>
  </testcase> <!-- filter -->
  <testcase classname="testCase.TC_001_Top5Doctors" name="surgeryPage" time="0.0">
    <ignored/>
  </testcase> <!-- surgeryPage -->
  <testcase classname="testCase.TC_001_Top5Doctors" name="searchingCity" time="0.0">
    <ignored/>
  </testcase> <!-- searchingCity -->
  <testcase classname="testCase.TC_001_Top5Doctors" name="forCorprate" time="0.0">
    <ignored/>
  </testcase> <!-- forCorprate -->
</testsuite> <!-- chrome-Test(failed)(failed) -->
