<?xml version="1.0" encoding="UTF-8"?>
<!-- Generated by org.testng.reporters.JUnitXMLReporter -->
<testsuite ignored="0" hostname="LTIN518286" failures="0" tests="0" name="Test" time="0.16" errors="0" timestamp="2024-04-06T22:55:54 IST">
  <testcase classname="cucumber.api.testng.AbstractTestNGCucumberTests" name="@BeforeClass setUpClass" time="0.07">
    <failure type="java.lang.NoClassDefFoundError" message="io/cucumber/plugin/ConcurrentEventListener">
      <![CDATA[java.lang.NoClassDefFoundError: io/cucumber/plugin/ConcurrentEventListener
at java.base/java.lang.ClassLoader.defineClass1(Native Method)
at java.base/java.lang.ClassLoader.defineClass(ClassLoader.java:1012)
at java.base/java.security.SecureClassLoader.defineClass(SecureClassLoader.java:150)
at java.base/jdk.internal.loader.BuiltinClassLoader.defineClass(BuiltinClassLoader.java:862)
at java.base/jdk.internal.loader.BuiltinClassLoader.findClassOnClassPathOrNull(BuiltinClassLoader.java:760)
at java.base/jdk.internal.loader.BuiltinClassLoader.loadClassOrNull(BuiltinClassLoader.java:681)
at java.base/jdk.internal.loader.BuiltinClassLoader.loadClass(BuiltinClassLoader.java:639)
at java.base/jdk.internal.loader.ClassLoaders$AppClassLoader.loadClass(ClassLoaders.java:188)
at java.base/java.lang.ClassLoader.loadClass(ClassLoader.java:520)
at cucumber.runtime.formatter.PluginFactory.loadClass(PluginFactory.java:171)
at cucumber.runtime.formatter.PluginFactory.pluginClass(PluginFactory.java:163)
at cucumber.runtime.formatter.PluginFactory.getPluginClass(PluginFactory.java:220)
at cucumber.runtime.formatter.PluginFactory.isStepDefinitionReporterName(PluginFactory.java:203)
at cucumber.runtime.RuntimeOptions$ParsedPluginData.addPluginName(RuntimeOptions.java:426)
at cucumber.runtime.RuntimeOptions.parse(RuntimeOptions.java:170)
at cucumber.runtime.RuntimeOptions.<init>(RuntimeOptions.java:113)
at cucumber.runtime.RuntimeOptions.<init>(RuntimeOptions.java:106)
at cucumber.runtime.RuntimeOptions.<init>(RuntimeOptions.java:102)
at cucumber.runtime.RuntimeOptions.<init>(RuntimeOptions.java:98)
at cucumber.runtime.RuntimeOptionsFactory.create(RuntimeOptionsFactory.java:23)
at cucumber.api.testng.TestNGCucumberRunner.<init>(TestNGCucumberRunner.java:49)
at cucumber.api.testng.AbstractTestNGCucumberTests.setUpClass(AbstractTestNGCucumberTests.java:16)
at java.base/java.util.ArrayList.forEach(ArrayList.java:1511)
Caused by: java.lang.ClassNotFoundException: io.cucumber.plugin.ConcurrentEventListener
at java.base/jdk.internal.loader.BuiltinClassLoader.loadClass(BuiltinClassLoader.java:641)
at java.base/jdk.internal.loader.ClassLoaders$AppClassLoader.loadClass(ClassLoaders.java:188)
at java.base/java.lang.ClassLoader.loadClass(ClassLoader.java:520)
... 48 more
... Removed 25 stack frames]]>
    </failure>
  </testcase> <!-- @BeforeClass setUpClass -->
</testsuite> <!-- Test -->
